<?xml version="1.0" encoding="UTF-8"?>
<!-- Generated by org.testng.reporters.JUnitReportReporter -->
<testsuite hostname="Chaitanya" failures="0" tests="4" name="SeleniumTestNGLogin.loginpage" time="4.653" errors="0" timestamp="2025-07-24T22:55:29 CEST" skipped="0">
  <testcase classname="SeleniumTestNGLogin.loginpage" name="openWebsite" time="2.022"/>
  <testcase classname="SeleniumTestNGLogin.loginpage" name="positiveLoginTest" time="1.221"/>
  <testcase classname="SeleniumTestNGLogin.loginpage" name="negativeUsernameTest" time="0.741"/>
  <testcase classname="SeleniumTestNGLogin.loginpage" name="negativePasswordTest" time="0.669"/>
</testsuite> <!-- SeleniumTestNGLogin.loginpage -->
