<?xml version="1.0" encoding="UTF-8"?>
<!-- Generated by org.testng.reporters.JUnitReportReporter -->
<testsuite hostname="Chaitanya" failures="0" tests="4" name="testnglogin.logindashboard" time="4.910" errors="0" timestamp="2025-07-24T23:29:31 CEST" skipped="0">
  <testcase classname="testnglogin.logindashboard" name="openWebsite" time="1.651"/>
  <testcase classname="testnglogin.logindashboard" name="positiveLoginTest" time="1.737"/>
  <testcase classname="testnglogin.logindashboard" name="negativeUsernameTest" time="0.814"/>
  <testcase classname="testnglogin.logindashboard" name="negativePasswordTest" time="0.708"/>
</testsuite> <!-- testnglogin.logindashboard -->
